Reading netlist file: "C:\LinuxWorkSpace\gowin-fpga-projects-repository\Gowin_Tang_Primer_20K_DDR3_AXI_Stream_FIFO_Warpper\impl\gwsynthesis\Gowin_Tang_Primer_20K_DDR3_AXI_Stream_FIFO_Warpper.vg"
Parsing netlist file "C:\LinuxWorkSpace\gowin-fpga-projects-repository\Gowin_Tang_Primer_20K_DDR3_AXI_Stream_FIFO_Warpper\impl\gwsynthesis\Gowin_Tang_Primer_20K_DDR3_AXI_Stream_FIFO_Warpper.vg" completed
Processing netlist completed
Reading constraint file: "C:\LinuxWorkSpace\gowin-fpga-projects-repository\Gowin_Tang_Primer_20K_DDR3_AXI_Stream_FIFO_Warpper\src\Gowin_Tang_Primer_20K_DDR3_AXI_Stream_FIFO_Warpper.cst"
ERROR  (CT1135) : "C:\LinuxWorkSpace\gowin-fpga-projects-repository\Gowin_Tang_Primer_20K_DDR3_AXI_Stream_FIFO_Warpper\src\Gowin_Tang_Primer_20K_DDR3_AXI_Stream_FIFO_Warpper.cst":1 | Can't find object named 'ddr_bank[2]'
ERROR  (CT1135) : "C:\LinuxWorkSpace\gowin-fpga-projects-repository\Gowin_Tang_Primer_20K_DDR3_AXI_Stream_FIFO_Warpper\src\Gowin_Tang_Primer_20K_DDR3_AXI_Stream_FIFO_Warpper.cst":2 | Can't find object named 'ddr_bank[2]'
ERROR  (CT1135) : "C:\LinuxWorkSpace\gowin-fpga-projects-repository\Gowin_Tang_Primer_20K_DDR3_AXI_Stream_FIFO_Warpper\src\Gowin_Tang_Primer_20K_DDR3_AXI_Stream_FIFO_Warpper.cst":3 | Can't find object named 'ddr_bank[1]'
ERROR  (CT1135) : "C:\LinuxWorkSpace\gowin-fpga-projects-repository\Gowin_Tang_Primer_20K_DDR3_AXI_Stream_FIFO_Warpper\src\Gowin_Tang_Primer_20K_DDR3_AXI_Stream_FIFO_Warpper.cst":4 | Can't find object named 'ddr_bank[1]'
ERROR  (CT1135) : "C:\LinuxWorkSpace\gowin-fpga-projects-repository\Gowin_Tang_Primer_20K_DDR3_AXI_Stream_FIFO_Warpper\src\Gowin_Tang_Primer_20K_DDR3_AXI_Stream_FIFO_Warpper.cst":5 | Can't find object named 'ddr_bank[0]'
ERROR  (CT1135) : "C:\LinuxWorkSpace\gowin-fpga-projects-repository\Gowin_Tang_Primer_20K_DDR3_AXI_Stream_FIFO_Warpper\src\Gowin_Tang_Primer_20K_DDR3_AXI_Stream_FIFO_Warpper.cst":6 | Can't find object named 'ddr_bank[0]'
ERROR  (CT1135) : "C:\LinuxWorkSpace\gowin-fpga-projects-repository\Gowin_Tang_Primer_20K_DDR3_AXI_Stream_FIFO_Warpper\src\Gowin_Tang_Primer_20K_DDR3_AXI_Stream_FIFO_Warpper.cst":7 | Can't find object named 'ddr_addr[13]'
ERROR  (CT1135) : "C:\LinuxWorkSpace\gowin-fpga-projects-repository\Gowin_Tang_Primer_20K_DDR3_AXI_Stream_FIFO_Warpper\src\Gowin_Tang_Primer_20K_DDR3_AXI_Stream_FIFO_Warpper.cst":8 | Can't find object named 'ddr_addr[13]'
ERROR  (CT1135) : "C:\LinuxWorkSpace\gowin-fpga-projects-repository\Gowin_Tang_Primer_20K_DDR3_AXI_Stream_FIFO_Warpper\src\Gowin_Tang_Primer_20K_DDR3_AXI_Stream_FIFO_Warpper.cst":9 | Can't find object named 'ddr_addr[12]'
ERROR  (CT1135) : "C:\LinuxWorkSpace\gowin-fpga-projects-repository\Gowin_Tang_Primer_20K_DDR3_AXI_Stream_FIFO_Warpper\src\Gowin_Tang_Primer_20K_DDR3_AXI_Stream_FIFO_Warpper.cst":10 | Can't find object named 'ddr_addr[12]'
ERROR  (CT1135) : "C:\LinuxWorkSpace\gowin-fpga-projects-repository\Gowin_Tang_Primer_20K_DDR3_AXI_Stream_FIFO_Warpper\src\Gowin_Tang_Primer_20K_DDR3_AXI_Stream_FIFO_Warpper.cst":11 | Can't find object named 'ddr_addr[11]'
ERROR  (CT1135) : "C:\LinuxWorkSpace\gowin-fpga-projects-repository\Gowin_Tang_Primer_20K_DDR3_AXI_Stream_FIFO_Warpper\src\Gowin_Tang_Primer_20K_DDR3_AXI_Stream_FIFO_Warpper.cst":12 | Can't find object named 'ddr_addr[11]'
ERROR  (CT1135) : "C:\LinuxWorkSpace\gowin-fpga-projects-repository\Gowin_Tang_Primer_20K_DDR3_AXI_Stream_FIFO_Warpper\src\Gowin_Tang_Primer_20K_DDR3_AXI_Stream_FIFO_Warpper.cst":13 | Can't find object named 'ddr_addr[10]'
ERROR  (CT1135) : "C:\LinuxWorkSpace\gowin-fpga-projects-repository\Gowin_Tang_Primer_20K_DDR3_AXI_Stream_FIFO_Warpper\src\Gowin_Tang_Primer_20K_DDR3_AXI_Stream_FIFO_Warpper.cst":14 | Can't find object named 'ddr_addr[10]'
ERROR  (CT1135) : "C:\LinuxWorkSpace\gowin-fpga-projects-repository\Gowin_Tang_Primer_20K_DDR3_AXI_Stream_FIFO_Warpper\src\Gowin_Tang_Primer_20K_DDR3_AXI_Stream_FIFO_Warpper.cst":15 | Can't find object named 'ddr_addr[9]'
ERROR  (CT1135) : "C:\LinuxWorkSpace\gowin-fpga-projects-repository\Gowin_Tang_Primer_20K_DDR3_AXI_Stream_FIFO_Warpper\src\Gowin_Tang_Primer_20K_DDR3_AXI_Stream_FIFO_Warpper.cst":16 | Can't find object named 'ddr_addr[9]'
ERROR  (CT1135) : "C:\LinuxWorkSpace\gowin-fpga-projects-repository\Gowin_Tang_Primer_20K_DDR3_AXI_Stream_FIFO_Warpper\src\Gowin_Tang_Primer_20K_DDR3_AXI_Stream_FIFO_Warpper.cst":17 | Can't find object named 'ddr_addr[8]'
ERROR  (CT1135) : "C:\LinuxWorkSpace\gowin-fpga-projects-repository\Gowin_Tang_Primer_20K_DDR3_AXI_Stream_FIFO_Warpper\src\Gowin_Tang_Primer_20K_DDR3_AXI_Stream_FIFO_Warpper.cst":18 | Can't find object named 'ddr_addr[8]'
ERROR  (CT1135) : "C:\LinuxWorkSpace\gowin-fpga-projects-repository\Gowin_Tang_Primer_20K_DDR3_AXI_Stream_FIFO_Warpper\src\Gowin_Tang_Primer_20K_DDR3_AXI_Stream_FIFO_Warpper.cst":19 | Can't find object named 'ddr_addr[7]'
ERROR  (CT1135) : "C:\LinuxWorkSpace\gowin-fpga-projects-repository\Gowin_Tang_Primer_20K_DDR3_AXI_Stream_FIFO_Warpper\src\Gowin_Tang_Primer_20K_DDR3_AXI_Stream_FIFO_Warpper.cst":20 | Can't find object named 'ddr_addr[7]'
ERROR  (CT1135) : "C:\LinuxWorkSpace\gowin-fpga-projects-repository\Gowin_Tang_Primer_20K_DDR3_AXI_Stream_FIFO_Warpper\src\Gowin_Tang_Primer_20K_DDR3_AXI_Stream_FIFO_Warpper.cst":21 | Can't find object named 'ddr_addr[6]'
ERROR  (CT1135) : "C:\LinuxWorkSpace\gowin-fpga-projects-repository\Gowin_Tang_Primer_20K_DDR3_AXI_Stream_FIFO_Warpper\src\Gowin_Tang_Primer_20K_DDR3_AXI_Stream_FIFO_Warpper.cst":22 | Can't find object named 'ddr_addr[6]'
ERROR  (CT1135) : "C:\LinuxWorkSpace\gowin-fpga-projects-repository\Gowin_Tang_Primer_20K_DDR3_AXI_Stream_FIFO_Warpper\src\Gowin_Tang_Primer_20K_DDR3_AXI_Stream_FIFO_Warpper.cst":23 | Can't find object named 'ddr_addr[5]'
ERROR  (CT1135) : "C:\LinuxWorkSpace\gowin-fpga-projects-repository\Gowin_Tang_Primer_20K_DDR3_AXI_Stream_FIFO_Warpper\src\Gowin_Tang_Primer_20K_DDR3_AXI_Stream_FIFO_Warpper.cst":24 | Can't find object named 'ddr_addr[5]'
ERROR  (CT1135) : "C:\LinuxWorkSpace\gowin-fpga-projects-repository\Gowin_Tang_Primer_20K_DDR3_AXI_Stream_FIFO_Warpper\src\Gowin_Tang_Primer_20K_DDR3_AXI_Stream_FIFO_Warpper.cst":25 | Can't find object named 'ddr_addr[4]'
ERROR  (CT1135) : "C:\LinuxWorkSpace\gowin-fpga-projects-repository\Gowin_Tang_Primer_20K_DDR3_AXI_Stream_FIFO_Warpper\src\Gowin_Tang_Primer_20K_DDR3_AXI_Stream_FIFO_Warpper.cst":26 | Can't find object named 'ddr_addr[4]'
ERROR  (CT1135) : "C:\LinuxWorkSpace\gowin-fpga-projects-repository\Gowin_Tang_Primer_20K_DDR3_AXI_Stream_FIFO_Warpper\src\Gowin_Tang_Primer_20K_DDR3_AXI_Stream_FIFO_Warpper.cst":27 | Can't find object named 'ddr_addr[3]'
ERROR  (CT1135) : "C:\LinuxWorkSpace\gowin-fpga-projects-repository\Gowin_Tang_Primer_20K_DDR3_AXI_Stream_FIFO_Warpper\src\Gowin_Tang_Primer_20K_DDR3_AXI_Stream_FIFO_Warpper.cst":28 | Can't find object named 'ddr_addr[3]'
ERROR  (CT1135) : "C:\LinuxWorkSpace\gowin-fpga-projects-repository\Gowin_Tang_Primer_20K_DDR3_AXI_Stream_FIFO_Warpper\src\Gowin_Tang_Primer_20K_DDR3_AXI_Stream_FIFO_Warpper.cst":29 | Can't find object named 'ddr_addr[2]'
ERROR  (CT1135) : "C:\LinuxWorkSpace\gowin-fpga-projects-repository\Gowin_Tang_Primer_20K_DDR3_AXI_Stream_FIFO_Warpper\src\Gowin_Tang_Primer_20K_DDR3_AXI_Stream_FIFO_Warpper.cst":30 | Can't find object named 'ddr_addr[2]'
ERROR  (CT1135) : "C:\LinuxWorkSpace\gowin-fpga-projects-repository\Gowin_Tang_Primer_20K_DDR3_AXI_Stream_FIFO_Warpper\src\Gowin_Tang_Primer_20K_DDR3_AXI_Stream_FIFO_Warpper.cst":31 | Can't find object named 'ddr_addr[1]'
ERROR  (CT1135) : "C:\LinuxWorkSpace\gowin-fpga-projects-repository\Gowin_Tang_Primer_20K_DDR3_AXI_Stream_FIFO_Warpper\src\Gowin_Tang_Primer_20K_DDR3_AXI_Stream_FIFO_Warpper.cst":32 | Can't find object named 'ddr_addr[1]'
ERROR  (CT1135) : "C:\LinuxWorkSpace\gowin-fpga-projects-repository\Gowin_Tang_Primer_20K_DDR3_AXI_Stream_FIFO_Warpper\src\Gowin_Tang_Primer_20K_DDR3_AXI_Stream_FIFO_Warpper.cst":33 | Can't find object named 'ddr_addr[0]'
ERROR  (CT1135) : "C:\LinuxWorkSpace\gowin-fpga-projects-repository\Gowin_Tang_Primer_20K_DDR3_AXI_Stream_FIFO_Warpper\src\Gowin_Tang_Primer_20K_DDR3_AXI_Stream_FIFO_Warpper.cst":34 | Can't find object named 'ddr_addr[0]'
ERROR  (CT1135) : "C:\LinuxWorkSpace\gowin-fpga-projects-repository\Gowin_Tang_Primer_20K_DDR3_AXI_Stream_FIFO_Warpper\src\Gowin_Tang_Primer_20K_DDR3_AXI_Stream_FIFO_Warpper.cst":35 | Can't find object named 'ddr_odt'
ERROR  (CT1135) : "C:\LinuxWorkSpace\gowin-fpga-projects-repository\Gowin_Tang_Primer_20K_DDR3_AXI_Stream_FIFO_Warpper\src\Gowin_Tang_Primer_20K_DDR3_AXI_Stream_FIFO_Warpper.cst":36 | Can't find object named 'ddr_odt'
ERROR  (CT1135) : "C:\LinuxWorkSpace\gowin-fpga-projects-repository\Gowin_Tang_Primer_20K_DDR3_AXI_Stream_FIFO_Warpper\src\Gowin_Tang_Primer_20K_DDR3_AXI_Stream_FIFO_Warpper.cst":37 | Can't find object named 'ddr_cke'
ERROR  (CT1135) : "C:\LinuxWorkSpace\gowin-fpga-projects-repository\Gowin_Tang_Primer_20K_DDR3_AXI_Stream_FIFO_Warpper\src\Gowin_Tang_Primer_20K_DDR3_AXI_Stream_FIFO_Warpper.cst":38 | Can't find object named 'ddr_cke'
ERROR  (CT1135) : "C:\LinuxWorkSpace\gowin-fpga-projects-repository\Gowin_Tang_Primer_20K_DDR3_AXI_Stream_FIFO_Warpper\src\Gowin_Tang_Primer_20K_DDR3_AXI_Stream_FIFO_Warpper.cst":39 | Can't find object named 'ddr_we'
ERROR  (CT1135) : "C:\LinuxWorkSpace\gowin-fpga-projects-repository\Gowin_Tang_Primer_20K_DDR3_AXI_Stream_FIFO_Warpper\src\Gowin_Tang_Primer_20K_DDR3_AXI_Stream_FIFO_Warpper.cst":40 | Can't find object named 'ddr_we'
ERROR  (CT1135) : "C:\LinuxWorkSpace\gowin-fpga-projects-repository\Gowin_Tang_Primer_20K_DDR3_AXI_Stream_FIFO_Warpper\src\Gowin_Tang_Primer_20K_DDR3_AXI_Stream_FIFO_Warpper.cst":41 | Can't find object named 'ddr_cas'
ERROR  (CT1135) : "C:\LinuxWorkSpace\gowin-fpga-projects-repository\Gowin_Tang_Primer_20K_DDR3_AXI_Stream_FIFO_Warpper\src\Gowin_Tang_Primer_20K_DDR3_AXI_Stream_FIFO_Warpper.cst":42 | Can't find object named 'ddr_cas'
ERROR  (CT1135) : "C:\LinuxWorkSpace\gowin-fpga-projects-repository\Gowin_Tang_Primer_20K_DDR3_AXI_Stream_FIFO_Warpper\src\Gowin_Tang_Primer_20K_DDR3_AXI_Stream_FIFO_Warpper.cst":43 | Can't find object named 'ddr_ras'
ERROR  (CT1135) : "C:\LinuxWorkSpace\gowin-fpga-projects-repository\Gowin_Tang_Primer_20K_DDR3_AXI_Stream_FIFO_Warpper\src\Gowin_Tang_Primer_20K_DDR3_AXI_Stream_FIFO_Warpper.cst":44 | Can't find object named 'ddr_ras'
ERROR  (CT1135) : "C:\LinuxWorkSpace\gowin-fpga-projects-repository\Gowin_Tang_Primer_20K_DDR3_AXI_Stream_FIFO_Warpper\src\Gowin_Tang_Primer_20K_DDR3_AXI_Stream_FIFO_Warpper.cst":45 | Can't find object named 'ddr_reset_n'
ERROR  (CT1135) : "C:\LinuxWorkSpace\gowin-fpga-projects-repository\Gowin_Tang_Primer_20K_DDR3_AXI_Stream_FIFO_Warpper\src\Gowin_Tang_Primer_20K_DDR3_AXI_Stream_FIFO_Warpper.cst":46 | Can't find object named 'ddr_reset_n'
ERROR  (CT1135) : "C:\LinuxWorkSpace\gowin-fpga-projects-repository\Gowin_Tang_Primer_20K_DDR3_AXI_Stream_FIFO_Warpper\src\Gowin_Tang_Primer_20K_DDR3_AXI_Stream_FIFO_Warpper.cst":47 | Can't find object named 'ddr_ck'
ERROR  (CT1135) : "C:\LinuxWorkSpace\gowin-fpga-projects-repository\Gowin_Tang_Primer_20K_DDR3_AXI_Stream_FIFO_Warpper\src\Gowin_Tang_Primer_20K_DDR3_AXI_Stream_FIFO_Warpper.cst":48 | Can't find object named 'ddr_ck'
ERROR  (CT1135) : "C:\LinuxWorkSpace\gowin-fpga-projects-repository\Gowin_Tang_Primer_20K_DDR3_AXI_Stream_FIFO_Warpper\src\Gowin_Tang_Primer_20K_DDR3_AXI_Stream_FIFO_Warpper.cst":49 | Can't find object named 'ddr_dm[1]'
ERROR  (CT1135) : "C:\LinuxWorkSpace\gowin-fpga-projects-repository\Gowin_Tang_Primer_20K_DDR3_AXI_Stream_FIFO_Warpper\src\Gowin_Tang_Primer_20K_DDR3_AXI_Stream_FIFO_Warpper.cst":50 | Can't find object named 'ddr_dm[1]'
ERROR  (CT1135) : "C:\LinuxWorkSpace\gowin-fpga-projects-repository\Gowin_Tang_Primer_20K_DDR3_AXI_Stream_FIFO_Warpper\src\Gowin_Tang_Primer_20K_DDR3_AXI_Stream_FIFO_Warpper.cst":51 | Can't find object named 'ddr_dm[0]'
ERROR  (CT1135) : "C:\LinuxWorkSpace\gowin-fpga-projects-repository\Gowin_Tang_Primer_20K_DDR3_AXI_Stream_FIFO_Warpper\src\Gowin_Tang_Primer_20K_DDR3_AXI_Stream_FIFO_Warpper.cst":52 | Can't find object named 'ddr_dm[0]'
ERROR  (CT1135) : "C:\LinuxWorkSpace\gowin-fpga-projects-repository\Gowin_Tang_Primer_20K_DDR3_AXI_Stream_FIFO_Warpper\src\Gowin_Tang_Primer_20K_DDR3_AXI_Stream_FIFO_Warpper.cst":53 | Can't find object named 'ddr_dq[15]'
ERROR  (CT1135) : "C:\LinuxWorkSpace\gowin-fpga-projects-repository\Gowin_Tang_Primer_20K_DDR3_AXI_Stream_FIFO_Warpper\src\Gowin_Tang_Primer_20K_DDR3_AXI_Stream_FIFO_Warpper.cst":54 | Can't find object named 'ddr_dq[15]'
ERROR  (CT1135) : "C:\LinuxWorkSpace\gowin-fpga-projects-repository\Gowin_Tang_Primer_20K_DDR3_AXI_Stream_FIFO_Warpper\src\Gowin_Tang_Primer_20K_DDR3_AXI_Stream_FIFO_Warpper.cst":55 | Can't find object named 'ddr_dq[14]'
ERROR  (CT1135) : "C:\LinuxWorkSpace\gowin-fpga-projects-repository\Gowin_Tang_Primer_20K_DDR3_AXI_Stream_FIFO_Warpper\src\Gowin_Tang_Primer_20K_DDR3_AXI_Stream_FIFO_Warpper.cst":56 | Can't find object named 'ddr_dq[14]'
ERROR  (CT1135) : "C:\LinuxWorkSpace\gowin-fpga-projects-repository\Gowin_Tang_Primer_20K_DDR3_AXI_Stream_FIFO_Warpper\src\Gowin_Tang_Primer_20K_DDR3_AXI_Stream_FIFO_Warpper.cst":57 | Can't find object named 'ddr_dq[13]'
ERROR  (CT1135) : "C:\LinuxWorkSpace\gowin-fpga-projects-repository\Gowin_Tang_Primer_20K_DDR3_AXI_Stream_FIFO_Warpper\src\Gowin_Tang_Primer_20K_DDR3_AXI_Stream_FIFO_Warpper.cst":58 | Can't find object named 'ddr_dq[13]'
ERROR  (CT1135) : "C:\LinuxWorkSpace\gowin-fpga-projects-repository\Gowin_Tang_Primer_20K_DDR3_AXI_Stream_FIFO_Warpper\src\Gowin_Tang_Primer_20K_DDR3_AXI_Stream_FIFO_Warpper.cst":59 | Can't find object named 'ddr_dq[12]'
ERROR  (CT1135) : "C:\LinuxWorkSpace\gowin-fpga-projects-repository\Gowin_Tang_Primer_20K_DDR3_AXI_Stream_FIFO_Warpper\src\Gowin_Tang_Primer_20K_DDR3_AXI_Stream_FIFO_Warpper.cst":60 | Can't find object named 'ddr_dq[12]'
ERROR  (CT1135) : "C:\LinuxWorkSpace\gowin-fpga-projects-repository\Gowin_Tang_Primer_20K_DDR3_AXI_Stream_FIFO_Warpper\src\Gowin_Tang_Primer_20K_DDR3_AXI_Stream_FIFO_Warpper.cst":61 | Can't find object named 'ddr_dq[11]'
ERROR  (CT1135) : "C:\LinuxWorkSpace\gowin-fpga-projects-repository\Gowin_Tang_Primer_20K_DDR3_AXI_Stream_FIFO_Warpper\src\Gowin_Tang_Primer_20K_DDR3_AXI_Stream_FIFO_Warpper.cst":62 | Can't find object named 'ddr_dq[11]'
ERROR  (CT1135) : "C:\LinuxWorkSpace\gowin-fpga-projects-repository\Gowin_Tang_Primer_20K_DDR3_AXI_Stream_FIFO_Warpper\src\Gowin_Tang_Primer_20K_DDR3_AXI_Stream_FIFO_Warpper.cst":63 | Can't find object named 'ddr_dq[10]'
ERROR  (CT1135) : "C:\LinuxWorkSpace\gowin-fpga-projects-repository\Gowin_Tang_Primer_20K_DDR3_AXI_Stream_FIFO_Warpper\src\Gowin_Tang_Primer_20K_DDR3_AXI_Stream_FIFO_Warpper.cst":64 | Can't find object named 'ddr_dq[10]'
ERROR  (CT1135) : "C:\LinuxWorkSpace\gowin-fpga-projects-repository\Gowin_Tang_Primer_20K_DDR3_AXI_Stream_FIFO_Warpper\src\Gowin_Tang_Primer_20K_DDR3_AXI_Stream_FIFO_Warpper.cst":65 | Can't find object named 'ddr_dq[9]'
ERROR  (CT1135) : "C:\LinuxWorkSpace\gowin-fpga-projects-repository\Gowin_Tang_Primer_20K_DDR3_AXI_Stream_FIFO_Warpper\src\Gowin_Tang_Primer_20K_DDR3_AXI_Stream_FIFO_Warpper.cst":66 | Can't find object named 'ddr_dq[9]'
ERROR  (CT1135) : "C:\LinuxWorkSpace\gowin-fpga-projects-repository\Gowin_Tang_Primer_20K_DDR3_AXI_Stream_FIFO_Warpper\src\Gowin_Tang_Primer_20K_DDR3_AXI_Stream_FIFO_Warpper.cst":67 | Can't find object named 'ddr_dq[8]'
ERROR  (CT1135) : "C:\LinuxWorkSpace\gowin-fpga-projects-repository\Gowin_Tang_Primer_20K_DDR3_AXI_Stream_FIFO_Warpper\src\Gowin_Tang_Primer_20K_DDR3_AXI_Stream_FIFO_Warpper.cst":68 | Can't find object named 'ddr_dq[8]'
ERROR  (CT1135) : "C:\LinuxWorkSpace\gowin-fpga-projects-repository\Gowin_Tang_Primer_20K_DDR3_AXI_Stream_FIFO_Warpper\src\Gowin_Tang_Primer_20K_DDR3_AXI_Stream_FIFO_Warpper.cst":69 | Can't find object named 'ddr_dq[7]'
ERROR  (CT1135) : "C:\LinuxWorkSpace\gowin-fpga-projects-repository\Gowin_Tang_Primer_20K_DDR3_AXI_Stream_FIFO_Warpper\src\Gowin_Tang_Primer_20K_DDR3_AXI_Stream_FIFO_Warpper.cst":70 | Can't find object named 'ddr_dq[7]'
ERROR  (CT1135) : "C:\LinuxWorkSpace\gowin-fpga-projects-repository\Gowin_Tang_Primer_20K_DDR3_AXI_Stream_FIFO_Warpper\src\Gowin_Tang_Primer_20K_DDR3_AXI_Stream_FIFO_Warpper.cst":71 | Can't find object named 'ddr_dq[6]'
ERROR  (CT1135) : "C:\LinuxWorkSpace\gowin-fpga-projects-repository\Gowin_Tang_Primer_20K_DDR3_AXI_Stream_FIFO_Warpper\src\Gowin_Tang_Primer_20K_DDR3_AXI_Stream_FIFO_Warpper.cst":72 | Can't find object named 'ddr_dq[6]'
ERROR  (CT1135) : "C:\LinuxWorkSpace\gowin-fpga-projects-repository\Gowin_Tang_Primer_20K_DDR3_AXI_Stream_FIFO_Warpper\src\Gowin_Tang_Primer_20K_DDR3_AXI_Stream_FIFO_Warpper.cst":73 | Can't find object named 'ddr_dq[5]'
ERROR  (CT1135) : "C:\LinuxWorkSpace\gowin-fpga-projects-repository\Gowin_Tang_Primer_20K_DDR3_AXI_Stream_FIFO_Warpper\src\Gowin_Tang_Primer_20K_DDR3_AXI_Stream_FIFO_Warpper.cst":74 | Can't find object named 'ddr_dq[5]'
ERROR  (CT1135) : "C:\LinuxWorkSpace\gowin-fpga-projects-repository\Gowin_Tang_Primer_20K_DDR3_AXI_Stream_FIFO_Warpper\src\Gowin_Tang_Primer_20K_DDR3_AXI_Stream_FIFO_Warpper.cst":75 | Can't find object named 'ddr_dq[4]'
ERROR  (CT1135) : "C:\LinuxWorkSpace\gowin-fpga-projects-repository\Gowin_Tang_Primer_20K_DDR3_AXI_Stream_FIFO_Warpper\src\Gowin_Tang_Primer_20K_DDR3_AXI_Stream_FIFO_Warpper.cst":76 | Can't find object named 'ddr_dq[4]'
ERROR  (CT1135) : "C:\LinuxWorkSpace\gowin-fpga-projects-repository\Gowin_Tang_Primer_20K_DDR3_AXI_Stream_FIFO_Warpper\src\Gowin_Tang_Primer_20K_DDR3_AXI_Stream_FIFO_Warpper.cst":77 | Can't find object named 'ddr_dq[3]'
ERROR  (CT1135) : "C:\LinuxWorkSpace\gowin-fpga-projects-repository\Gowin_Tang_Primer_20K_DDR3_AXI_Stream_FIFO_Warpper\src\Gowin_Tang_Primer_20K_DDR3_AXI_Stream_FIFO_Warpper.cst":78 | Can't find object named 'ddr_dq[3]'
ERROR  (CT1135) : "C:\LinuxWorkSpace\gowin-fpga-projects-repository\Gowin_Tang_Primer_20K_DDR3_AXI_Stream_FIFO_Warpper\src\Gowin_Tang_Primer_20K_DDR3_AXI_Stream_FIFO_Warpper.cst":79 | Can't find object named 'ddr_dq[2]'
ERROR  (CT1135) : "C:\LinuxWorkSpace\gowin-fpga-projects-repository\Gowin_Tang_Primer_20K_DDR3_AXI_Stream_FIFO_Warpper\src\Gowin_Tang_Primer_20K_DDR3_AXI_Stream_FIFO_Warpper.cst":80 | Can't find object named 'ddr_dq[2]'
ERROR  (CT1135) : "C:\LinuxWorkSpace\gowin-fpga-projects-repository\Gowin_Tang_Primer_20K_DDR3_AXI_Stream_FIFO_Warpper\src\Gowin_Tang_Primer_20K_DDR3_AXI_Stream_FIFO_Warpper.cst":81 | Can't find object named 'ddr_dq[1]'
ERROR  (CT1135) : "C:\LinuxWorkSpace\gowin-fpga-projects-repository\Gowin_Tang_Primer_20K_DDR3_AXI_Stream_FIFO_Warpper\src\Gowin_Tang_Primer_20K_DDR3_AXI_Stream_FIFO_Warpper.cst":82 | Can't find object named 'ddr_dq[1]'
ERROR  (CT1135) : "C:\LinuxWorkSpace\gowin-fpga-projects-repository\Gowin_Tang_Primer_20K_DDR3_AXI_Stream_FIFO_Warpper\src\Gowin_Tang_Primer_20K_DDR3_AXI_Stream_FIFO_Warpper.cst":83 | Can't find object named 'ddr_dq[0]'
ERROR  (CT1135) : "C:\LinuxWorkSpace\gowin-fpga-projects-repository\Gowin_Tang_Primer_20K_DDR3_AXI_Stream_FIFO_Warpper\src\Gowin_Tang_Primer_20K_DDR3_AXI_Stream_FIFO_Warpper.cst":84 | Can't find object named 'ddr_dq[0]'
ERROR  (CT1135) : "C:\LinuxWorkSpace\gowin-fpga-projects-repository\Gowin_Tang_Primer_20K_DDR3_AXI_Stream_FIFO_Warpper\src\Gowin_Tang_Primer_20K_DDR3_AXI_Stream_FIFO_Warpper.cst":85 | Can't find object named 'ddr_dqs[1]'
ERROR  (CT1135) : "C:\LinuxWorkSpace\gowin-fpga-projects-repository\Gowin_Tang_Primer_20K_DDR3_AXI_Stream_FIFO_Warpper\src\Gowin_Tang_Primer_20K_DDR3_AXI_Stream_FIFO_Warpper.cst":86 | Can't find object named 'ddr_dqs[1]'
ERROR  (CT1135) : "C:\LinuxWorkSpace\gowin-fpga-projects-repository\Gowin_Tang_Primer_20K_DDR3_AXI_Stream_FIFO_Warpper\src\Gowin_Tang_Primer_20K_DDR3_AXI_Stream_FIFO_Warpper.cst":87 | Can't find object named 'ddr_dqs[0]'
ERROR  (CT1135) : "C:\LinuxWorkSpace\gowin-fpga-projects-repository\Gowin_Tang_Primer_20K_DDR3_AXI_Stream_FIFO_Warpper\src\Gowin_Tang_Primer_20K_DDR3_AXI_Stream_FIFO_Warpper.cst":88 | Can't find object named 'ddr_dqs[0]'
Physical Constraint parsed completed with errors
